ffmpeg version n4.3.1-20-g8a2acdc6da Copyright (c) 2000-2020 the FFmpeg developers
  built with gcc 9.3-win32 (GCC) 20200320
  configuration: --prefix=/ffbuild/prefix --pkg-config-flags=--static --pkg-config=pkg-config --cross-prefix=x86_64-w64-mingw32- --arch=x86_64 --target-os=mingw32 --enable-gpl --enable-version3 --disable-debug --enable-iconv --enable-zlib --enable-libxml2 --enable-libfreetype --enable-libfribidi --enable-gmp --enable-lzma --enable-fontconfig --enable-libvmaf --disable-vulkan --enable-libvorbis --enable-amf --enable-libaom --enable-avisynth --enable-libdav1d --enable-ffnvcodec --enable-cuda-llvm --disable-libglslang --enable-libass --enable-libbluray --enable-libmp3lame --enable-libopus --enable-libtheora --enable-libvpx --enable-libwebp --enable-libmfx --enable-libopencore-amrnb --enable-libopencore-amrwb --enable-libopenjpeg --enable-librav1e --enable-schannel --enable-sdl2 --enable-libsoxr --enable-libsrt --enable-libtwolame --enable-libvidstab --enable-libx264 --enable-libx265 --enable-libxvid --enable-libzimg --extra-cflags=-DLIBTWOLAME_STATIC --extra-cxxflags= --extra-ldflags=-pthread --extra-libs=-lgomp
  libavutil      56. 51.100 / 56. 51.100
  libavcodec     58. 91.100 / 58. 91.100
  libavformat    58. 45.100 / 58. 45.100
  libavdevice    58. 10.100 / 58. 10.100
  libavfilter     7. 85.100 /  7. 85.100
  libswscale      5.  7.100 /  5.  7.100
  libswresample   3.  7.100 /  3.  7.100
  libpostproc    55.  7.100 / 55.  7.100
Splitting the commandline.
Reading option '-v' ... matched as option 'v' (set logging level) with argument 'debug'.
Reading option '-nostdin' ... matched as option 'stdin' (enable or disable interaction on standard input) with argument 0.
Reading option '-progress' ... matched as option 'progress' (write program-readable progress information) with argument 'D:/Temp/KritaFFmpegProgress.qWvchA'.
Reading option '-r' ... matched as option 'r' (set frame rate (Hz value, fraction or abbreviation)) with argument '17'.
Reading option '-start_number' ... matched as AVOption 'start_number' with argument '0'.
Reading option '-i' ... matched as input url with argument 'D:/MyGames/Townmyth/Movies/1/frame%04d.png'.
Reading option '-i' ... matched as input url with argument 'D:/MyGames/Townmyth/Movies/1/palette.png'.
Reading option '-lavfi' ... matched as option 'lavfi' (create a complex filtergraph) with argument '[0:v][1:v] paletteuse'.
Reading option '-y' ... matched as option 'y' (overwrite output files) with argument '1'.
Reading option 'D:/MyGames/Townmyth/Movies/1/2.gif' ... matched as output url.
Finished splitting the commandline.
Parsing a group of options: global .
Applying option v (set logging level) with argument debug.
Applying option nostdin (enable or disable interaction on standard input) with argument 0.
Applying option progress (write program-readable progress information) with argument D:/Temp/KritaFFmpegProgress.qWvchA.
[file @ 0000006d333e50c0] Setting default whitelist 'file,crypto,data'
Applying option lavfi (create a complex filtergraph) with argument [0:v][1:v] paletteuse.
Applying option y (overwrite output files) with argument 1.
Successfully parsed a group of options.
Parsing a group of options: input url D:/MyGames/Townmyth/Movies/1/frame%04d.png.
Applying option r (set frame rate (Hz value, fraction or abbreviation)) with argument 17.
Successfully parsed a group of options.
Opening an input file: D:/MyGames/Townmyth/Movies/1/frame%04d.png.
[image2 @ 0000006d334264c0] Opening 'D:/MyGames/Townmyth/Movies/1/frame0000.png' for reading
[file @ 0000006d319fabc0] Setting default whitelist 'file,crypto,data'
[AVIOContext @ 0000006d33430040] Statistics: 160687 bytes read, 0 seeks
[image2 @ 0000006d334264c0] Opening 'D:/MyGames/Townmyth/Movies/1/frame0001.png' for reading
[file @ 0000006d33457740] Setting default whitelist 'file,crypto,data'
[AVIOContext @ 0000006d33430040] Statistics: 160687 bytes read, 0 seeks
[image2 @ 0000006d334264c0] Opening 'D:/MyGames/Townmyth/Movies/1/frame0002.png' for reading
[file @ 0000006d3391e4c0] Setting default whitelist 'file,crypto,data'
[AVIOContext @ 0000006d33430040] Statistics: 160628 bytes read, 0 seeks
[image2 @ 0000006d334264c0] Opening 'D:/MyGames/Townmyth/Movies/1/frame0003.png' for reading
[file @ 0000006d3391e640] Setting default whitelist 'file,crypto,data'
[AVIOContext @ 0000006d33430040] Statistics: 160573 bytes read, 0 seeks
[image2 @ 0000006d334264c0] Opening 'D:/MyGames/Townmyth/Movies/1/frame0004.png' for reading
[file @ 0000006d319fdec0] Setting default whitelist 'file,crypto,data'
[AVIOContext @ 0000006d33430040] Statistics: 160928 bytes read, 0 seeks
[image2 @ 0000006d334264c0] Opening 'D:/MyGames/Townmyth/Movies/1/frame0005.png' for reading
[file @ 0000006d319fe080] Setting default whitelist 'file,crypto,data'
[AVIOContext @ 0000006d33430040] Statistics: 160928 bytes read, 0 seeks
[image2 @ 0000006d334264c0] Opening 'D:/MyGames/Townmyth/Movies/1/frame0006.png' for reading
[file @ 0000006d334a8280] Setting default whitelist 'file,crypto,data'
[AVIOContext @ 0000006d33430040] Statistics: 160928 bytes read, 0 seeks
[image2 @ 0000006d334264c0] Opening 'D:/MyGames/Townmyth/Movies/1/frame0007.png' for reading
[file @ 0000006d334a8340] Setting default whitelist 'file,crypto,data'
[AVIOContext @ 0000006d33430040] Statistics: 160928 bytes read, 0 seeks
[image2 @ 0000006d334264c0] Opening 'D:/MyGames/Townmyth/Movies/1/frame0008.png' for reading
[file @ 0000006d334a8480] Setting default whitelist 'file,crypto,data'
[AVIOContext @ 0000006d33430040] Statistics: 160928 bytes read, 0 seeks
[image2 @ 0000006d334264c0] Opening 'D:/MyGames/Townmyth/Movies/1/frame0009.png' for reading
[file @ 0000006d334a8600] Setting default whitelist 'file,crypto,data'
[AVIOContext @ 0000006d33430040] Statistics: 160928 bytes read, 0 seeks
[image2 @ 0000006d334264c0] Opening 'D:/MyGames/Townmyth/Movies/1/frame0010.png' for reading
[file @ 0000006d334a8600] Setting default whitelist 'file,crypto,data'
[AVIOContext @ 0000006d33430040] Statistics: 160928 bytes read, 0 seeks
[image2 @ 0000006d334264c0] Opening 'D:/MyGames/Townmyth/Movies/1/frame0011.png' for reading
[file @ 0000006d319fe080] Setting default whitelist 'file,crypto,data'
[AVIOContext @ 0000006d33430040] Statistics: 160928 bytes read, 0 seeks
[image2 @ 0000006d334264c0] Opening 'D:/MyGames/Townmyth/Movies/1/frame0012.png' for reading
[file @ 0000006d319fe080] Setting default whitelist 'file,crypto,data'
[AVIOContext @ 0000006d33430040] Statistics: 160928 bytes read, 0 seeks
[image2 @ 0000006d334264c0] Opening 'D:/MyGames/Townmyth/Movies/1/frame0013.png' for reading
[file @ 0000006d319fe080] Setting default whitelist 'file,crypto,data'
[AVIOContext @ 0000006d33430040] Statistics: 160928 bytes read, 0 seeks
[image2 @ 0000006d334264c0] Opening 'D:/MyGames/Townmyth/Movies/1/frame0014.png' for reading
[file @ 0000006d319fe080] Setting default whitelist 'file,crypto,data'
[AVIOContext @ 0000006d33430040] Statistics: 160928 bytes read, 0 seeks
[image2 @ 0000006d334264c0] Opening 'D:/MyGames/Townmyth/Movies/1/frame0015.png' for reading
[file @ 0000006d319fe080] Setting default whitelist 'file,crypto,data'
[AVIOContext @ 0000006d33430040] Statistics: 160928 bytes read, 0 seeks
[image2 @ 0000006d334264c0] Opening 'D:/MyGames/Townmyth/Movies/1/frame0016.png' for reading
[file @ 0000006d319fe080] Setting default whitelist 'file,crypto,data'
[AVIOContext @ 0000006d33430040] Statistics: 160928 bytes read, 0 seeks
[image2 @ 0000006d334264c0] Opening 'D:/MyGames/Townmyth/Movies/1/frame0017.png' for reading
[file @ 0000006d319fe080] Setting default whitelist 'file,crypto,data'
[AVIOContext @ 0000006d33430040] Statistics: 160928 bytes read, 0 seeks
[image2 @ 0000006d334264c0] Opening 'D:/MyGames/Townmyth/Movies/1/frame0018.png' for reading
[file @ 0000006d319fe080] Setting default whitelist 'file,crypto,data'
[AVIOContext @ 0000006d33430040] Statistics: 160928 bytes read, 0 seeks
[image2 @ 0000006d334264c0] Opening 'D:/MyGames/Townmyth/Movies/1/frame0019.png' for reading
[file @ 0000006d319fe080] Setting default whitelist 'file,crypto,data'
[AVIOContext @ 0000006d33430040] Statistics: 160928 bytes read, 0 seeks
[image2 @ 0000006d334264c0] Opening 'D:/MyGames/Townmyth/Movies/1/frame0020.png' for reading
[file @ 0000006d319fe080] Setting default whitelist 'file,crypto,data'
[AVIOContext @ 0000006d33430040] Statistics: 160928 bytes read, 0 seeks
[image2 @ 0000006d334264c0] Opening 'D:/MyGames/Townmyth/Movies/1/frame0021.png' for reading
[file @ 0000006d319fe080] Setting default whitelist 'file,crypto,data'
[AVIOContext @ 0000006d33430040] Statistics: 160928 bytes read, 0 seeks
[image2 @ 0000006d334264c0] Opening 'D:/MyGames/Townmyth/Movies/1/frame0022.png' for reading
[file @ 0000006d319fe080] Setting default whitelist 'file,crypto,data'
[AVIOContext @ 0000006d319fe180] Statistics: 160928 bytes read, 0 seeks
[image2 @ 0000006d334264c0] Opening 'D:/MyGames/Townmyth/Movies/1/frame0023.png' for reading
[file @ 0000006d33c48480] Setting default whitelist 'file,crypto,data'
[AVIOContext @ 0000006d33c48540] Statistics: 160928 bytes read, 0 seeks
[image2 @ 0000006d334264c0] Opening 'D:/MyGames/Townmyth/Movies/1/frame0024.png' for reading
[file @ 0000006d33c48480] Setting default whitelist 'file,crypto,data'
[AVIOContext @ 0000006d33c48540] Statistics: 160928 bytes read, 0 seeks
[image2 @ 0000006d334264c0] Opening 'D:/MyGames/Townmyth/Movies/1/frame0025.png' for reading
[file @ 0000006d33c48480] Setting default whitelist 'file,crypto,data'
[AVIOContext @ 0000006d33c48540] Statistics: 160928 bytes read, 0 seeks
Input #0, image2, from 'D:/MyGames/Townmyth/Movies/1/frame%04d.png':
  Duration: 00:00:01.04, start: 0.000000, bitrate: N/A
    Stream #0:0, 26, 1/25: Video: png, 1 reference frame, rgba(pc), 544x416 [SAR 3937:3937 DAR 17:13], 0/1, 25 fps, 25 tbr, 25 tbn, 25 tbc
Successfully opened the file.
Parsing a group of options: input url D:/MyGames/Townmyth/Movies/1/palette.png.
Successfully parsed a group of options.
Opening an input file: D:/MyGames/Townmyth/Movies/1/palette.png.
[NULL @ 0000006d319fe080] Opening 'D:/MyGames/Townmyth/Movies/1/palette.png' for reading
[file @ 0000006d33458480] Setting default whitelist 'file,crypto,data'
[png_pipe @ 0000006d319fe080] Format png_pipe probed with size=2048 and score=99
[png_pipe @ 0000006d319fe080] Before avformat_find_stream_info() pos: 0 bytes read:965 seeks:0 nb_streams:1
[png_pipe @ 0000006d319fe080] After avformat_find_stream_info() pos: 965 bytes read:965 seeks:0 frames:1
Input #1, png_pipe, from 'D:/MyGames/Townmyth/Movies/1/palette.png':
  Duration: N/A, bitrate: N/A
    Stream #1:0, 1, 1/25: Video: png, 1 reference frame, rgba(pc), 16x16 [SAR 1:1 DAR 1:1], 0/1, 25 tbr, 25 tbn, 25 tbc
Successfully opened the file.
Parsing a group of options: output url D:/MyGames/Townmyth/Movies/1/2.gif.
Successfully parsed a group of options.
Opening an output file: D:/MyGames/Townmyth/Movies/1/2.gif.
[file @ 0000006d319fd480] Setting default whitelist 'file,crypto,data'
Successfully opened the file.
detected 4 logical cores
Stream mapping:
  Stream #0:0 (png) -> paletteuse:default
  Stream #1:0 (png) -> paletteuse:palette
  paletteuse -> Stream #0:0 (gif)
cur_dts is invalid st:0 (0) [init:0 i_done:0 finish:0] (this is harmless if it occurs once at the start per stream)
    Last message repeated 10 times
[image2 @ 0000006d334264c0] Thread message queue blocking; consider raising the thread_queue_size option (current value: 8)
cur_dts is invalid st:0 (0) [init:0 i_done:0 finish:0] (this is harmless if it occurs once at the start per stream)
    Last message repeated 4 times
[graph 0 input from stream 0:0 @ 0000006d334a8200] Setting 'video_size' to value '544x416'
[graph 0 input from stream 0:0 @ 0000006d334a8200] Setting 'pix_fmt' to value '26'
[graph 0 input from stream 0:0 @ 0000006d334a8200] Setting 'time_base' to value '1/17'
[graph 0 input from stream 0:0 @ 0000006d334a8200] Setting 'pixel_aspect' to value '3937/3937'
[graph 0 input from stream 0:0 @ 0000006d334a8200] Setting 'frame_rate' to value '17/1'
[graph 0 input from stream 0:0 @ 0000006d334a8200] w:544 h:416 pixfmt:rgba tb:1/17 fr:17/1 sar:3937/3937
[graph 0 input from stream 1:0 @ 0000006d338a1c40] Setting 'video_size' to value '16x16'
[graph 0 input from stream 1:0 @ 0000006d338a1c40] Setting 'pix_fmt' to value '26'
[graph 0 input from stream 1:0 @ 0000006d338a1c40] Setting 'time_base' to value '1/25'
[graph 0 input from stream 1:0 @ 0000006d338a1c40] Setting 'pixel_aspect' to value '1/1'
[graph 0 input from stream 1:0 @ 0000006d338a1c40] Setting 'frame_rate' to value '25/1'
[graph 0 input from stream 1:0 @ 0000006d338a1c40] w:16 h:16 pixfmt:rgba tb:1/25 fr:25/1 sar:1/1
[format @ 0000006d33e20c40] Setting 'pix_fmts' to value 'rgb8|bgr8|rgb4_byte|bgr4_byte|gray|pal8'
[auto_scaler_0 @ 0000006d33e20f00] w:iw h:ih flags:'bilinear' interl:0
[Parsed_paletteuse_0 @ 0000006d33457640] auto-inserting filter 'auto_scaler_0' between the filter 'graph 0 input from stream 0:0' and the filter 'Parsed_paletteuse_0'
[auto_scaler_1 @ 0000006d338bc880] w:iw h:ih flags:'bilinear' interl:0
[Parsed_paletteuse_0 @ 0000006d33457640] auto-inserting filter 'auto_scaler_1' between the filter 'graph 0 input from stream 1:0' and the filter 'Parsed_paletteuse_0'
[AVFilterGraph @ 0000006d33c1e540] query_formats: 5 queried, 2 merged, 2 already done, 0 delayed
[swscaler @ 0000006d338bd9c0] Forcing full internal H chroma due to input having non subsampled chroma
[auto_scaler_0 @ 0000006d33e20f00] w:544 h:416 fmt:rgba sar:3937/3937 -> w:544 h:416 fmt:bgra sar:1/1 flags:0x2
[swscaler @ 0000006d338cfec0] Forcing full internal H chroma due to input having non subsampled chroma
[auto_scaler_1 @ 0000006d338bc880] w:16 h:16 fmt:rgba sar:1/1 -> w:16 h:16 fmt:bgra sar:1/1 flags:0x2
[Parsed_paletteuse_0 @ 0000006d33457640] [framesync @ 0000006d33d9efc8] Selected 1/425 time base
[Parsed_paletteuse_0 @ 0000006d33457640] [framesync @ 0000006d33d9efc8] Sync level 2
Output #0, gif, to 'D:/MyGames/Townmyth/Movies/1/2.gif':
  Metadata:
    encoder         : Lavf58.45.100
    Stream #0:0, 0, 1/100: Video: gif, 1 reference frame, pal8, 544x416 [SAR 1:1 DAR 17:13], 0/1, q=2-31, 200 kb/s, 17 fps, 100 tbn, 17 tbc (default)
    Metadata:
      encoder         : Lavc58.91.100 gif
Clipping frame in rate conversion by 0.000008
[gif @ 0000006d319fc840] 1x1 image at pos (543;415) [area:544x416]
[gif @ 0000006d319fc840] 67x64 image at pos (234;71) [area:544x416]
[gif @ 0000006d319fc840] 67x57 image at pos (234;71) [area:544x416]
[gif @ 0000006d319fc840] 68x55 image at pos (233;71) [area:544x416]
[gif @ 0000006d319fc840] 1x1 image at pos (543;415) [area:544x416]
    Last message repeated 20 times
[Parsed_paletteuse_0 @ 0000006d33457640] [framesync @ 0000006d33d9efc8] Sync level 0
frame=   26 fps=0.0 q=-0.0 size=      90kB time=00:00:01.48 bitrate= 499.4kbits/s speed=2.95x    [out_0_0 @ 0000006d338a1d40] EOF on sink link out_0_0:default.
No more output streams to write to, finishing.
frame=   26 fps=0.0 q=-0.0 Lsize=      90kB time=00:00:01.48 bitrate= 499.6kbits/s speed=2.95x    
[AVIOContext @ 0000006d33426280] Statistics: 0 seeks, 2 writeouts
video:90kB audio:0kB subtitle:0kB other streams:0kB global headers:0kB muxing overhead: 0.021645%
Input file #0 (D:/MyGames/Townmyth/Movies/1/frame%04d.png):
  Input stream #0:0 (video): 26 packets read (4182991 bytes); 26 frames decoded; 
  Total: 26 packets (4182991 bytes) demuxed
Input file #1 (D:/MyGames/Townmyth/Movies/1/palette.png):
  Input stream #1:0 (video): 1 packets read (965 bytes); 1 frames decoded; 
  Total: 1 packets (965 bytes) demuxed
Output file #0 (D:/MyGames/Townmyth/Movies/1/2.gif):
  Output stream #0:0 (video): 26 frames encoded; 26 packets muxed (92402 bytes); 
  Total: 26 packets (92402 bytes) muxed
27 frames successfully decoded, 0 decoding errors
[AVIOContext @ 0000006d319fd540] Statistics: 0 seeks, 1 writeouts
[AVIOContext @ 0000006d33458580] Statistics: 965 bytes read, 0 seeks
